#
# A fatal error has been detected by the Java Runtime Environment:
#
#  Internal Error (./open/src/hotspot/share/utilities/constantTag.cpp:65), pid=9484, tid=17720
#  Error: ShouldNotReachHere()
#
# JRE version: OpenJDK Runtime Environment (15.0.1+9) (build 15.0.1+9-18)
# Java VM: OpenJDK 64-Bit Server VM (15.0.1+9-18, mixed mode, tiered, compressed oops, g1 gc, windows-amd64)
# No core dump will be written. Minidumps are not enabled by default on client versions of Windows
#
# If you would like to submit a bug report, please visit:
#   https://bugreport.java.com/bugreport/crash.jsp
#

---------------  S U M M A R Y ------------

Command Line: -XX:+ShowCodeDetailsInExceptionMessages -agentlib:jdwp=transport=dt_socket,suspend=y,address=localhost:53610 -javaagent:D:\ims_ecs\eclipse\configuration\org.eclipse.osgi\405\0\.cp\lib\javaagent-shaded.jar -Dfile.encoding=Cp1252 excel.util.ExcelDataToJavaList

Host: 11th Gen Intel(R) Core(TM) i3-1115G4 @ 3.00GHz, 4 cores, 7G,  Windows 10 , 64 bit Build 22000 (10.0.22000.708)
Time: Tue Jun 28 13:25:38 2022 India Standard Time elapsed time: 1481.928856 seconds (0d 0h 24m 41s)

---------------  T H R E A D  ---------------

Current thread (0x0000019aa92fd010):  JavaThread "JDWP Transport Listener: dt_socket" daemon [_thread_in_vm, id=17720, stack(0x0000008f74800000,0x0000008f74900000)] _threads_hazard_ptr=0x0000019aa9941bb0

Stack: [0x0000008f74800000,0x0000008f74900000]
Native frames: (J=compiled Java code, j=interpreted, Vv=VM code, C=native code)
V  [jvm.dll+0x62ae9a]
V  [jvm.dll+0x781389]
V  [jvm.dll+0x782ae3]
V  [jvm.dll+0x7830f7]
V  [jvm.dll+0x2161cc]
V  [jvm.dll+0x216113]
V  [jvm.dll+0x21268f]
V  [jvm.dll+0x20caad]
V  [jvm.dll+0x30105f]
V  [jvm.dll+0x3028ee]
V  [jvm.dll+0x2fff9f]
V  [jvm.dll+0x2ff24a]
V  [jvm.dll+0x619c80]
V  [jvm.dll+0x619963]
V  [jvm.dll+0x5df038]
V  [jvm.dll+0x7783ef]
V  [jvm.dll+0x4f04b1]
V  [jvm.dll+0x787e95]
V  [jvm.dll+0x4d430a]
V  [jvm.dll+0x49548b]
C  [jdwp.dll+0x7f79]


---------------  P R O C E S S  ---------------

Threads class SMR info:
_java_thread_list=0x0000019aa9941bb0, length=14, elements={
0x0000019a8eed3eb0, 0x0000019aa8fc11b0, 0x0000019aa8fc4430, 0x0000019aa87bdc20,
0x0000019aa87be6f0, 0x0000019aa8fe68d0, 0x0000019aa8feddd0, 0x0000019aa8ff0b40,
0x0000019aa8ffb050, 0x0000019aa90c78a0, 0x0000019aa92fd010, 0x0000019aa93048f0,
0x0000019aa9309200, 0x0000019aa984d4e0
}

Java Threads: ( => current thread )
  0x0000019a8eed3eb0 JavaThread "main" [_thread_blocked, id=15892, stack(0x0000008f73800000,0x0000008f73900000)]
  0x0000019aa8fc11b0 JavaThread "Reference Handler" daemon [_thread_blocked, id=9444, stack(0x0000008f73f00000,0x0000008f74000000)]
  0x0000019aa8fc4430 JavaThread "Finalizer" daemon [_thread_blocked, id=7188, stack(0x0000008f74000000,0x0000008f74100000)]
  0x0000019aa87bdc20 JavaThread "Signal Dispatcher" daemon [_thread_blocked, id=5524, stack(0x0000008f74100000,0x0000008f74200000)]
  0x0000019aa87be6f0 JavaThread "Attach Listener" daemon [_thread_blocked, id=2116, stack(0x0000008f74200000,0x0000008f74300000)]
  0x0000019aa8fe68d0 JavaThread "Service Thread" daemon [_thread_blocked, id=6720, stack(0x0000008f74300000,0x0000008f74400000)]
  0x0000019aa8feddd0 JavaThread "C2 CompilerThread0" daemon [_thread_blocked, id=13788, stack(0x0000008f74400000,0x0000008f74500000)]
  0x0000019aa8ff0b40 JavaThread "C1 CompilerThread0" daemon [_thread_blocked, id=9312, stack(0x0000008f74500000,0x0000008f74600000)]
  0x0000019aa8ffb050 JavaThread "Sweeper thread" daemon [_thread_blocked, id=13052, stack(0x0000008f74600000,0x0000008f74700000)]
  0x0000019aa90c78a0 JavaThread "Common-Cleaner" daemon [_thread_blocked, id=1588, stack(0x0000008f74700000,0x0000008f74800000)]
=>0x0000019aa92fd010 JavaThread "JDWP Transport Listener: dt_socket" daemon [_thread_in_vm, id=17720, stack(0x0000008f74800000,0x0000008f74900000)] _threads_hazard_ptr=0x0000019aa9941bb0
  0x0000019aa93048f0 JavaThread "JDWP Event Helper Thread" daemon [_thread_blocked, id=10004, stack(0x0000008f74900000,0x0000008f74a00000)]
  0x0000019aa9309200 JavaThread "JDWP Command Reader" daemon [_thread_in_native, id=14872, stack(0x0000008f74a00000,0x0000008f74b00000)]
  0x0000019aa984d4e0 JavaThread "Notification Thread" daemon [_thread_blocked, id=12604, stack(0x0000008f74c00000,0x0000008f74d00000)]

Other Threads:
  0x0000019aa87975e0 VMThread "VM Thread" [stack: 0x0000008f73e00000,0x0000008f73f00000] [id=4456]
  0x0000019a8eed4f20 WatcherThread [stack: 0x0000008f74d00000,0x0000008f74e00000] [id=3864]
  0x0000019a8ef11e20 GCTaskThread "GC Thread#0" [stack: 0x0000008f73900000,0x0000008f73a00000] [id=8744]
  0x0000019a8ef228b0 ConcurrentGCThread "G1 Main Marker" [stack: 0x0000008f73a00000,0x0000008f73b00000] [id=2096]
  0x0000019a8ef26b60 ConcurrentGCThread "G1 Conc#0" [stack: 0x0000008f73b00000,0x0000008f73c00000] [id=14072]
  0x0000019a8ef8e470 ConcurrentGCThread "G1 Refine#0" [stack: 0x0000008f73c00000,0x0000008f73d00000] [id=10660]
  0x0000019a8ef8fe20 ConcurrentGCThread "G1 Young RemSet Sampling" [stack: 0x0000008f73d00000,0x0000008f73e00000] [id=14012]

Threads with active compile tasks:

VM state: not at safepoint (normal execution)

VM Mutex/Monitor currently owned by a thread: None

Heap address: 0x0000000084200000, size: 1982 MB, Compressed Oops mode: 32-bit
CDS disabled.
Compressed class space mapped at: 0x0000000100000000-0x0000000140000000, size: 1073741824
Narrow klass base: 0x0000000000000000, Narrow klass shift: 3, Narrow klass range: 0x140000000

GC Precious Log:
 CPUs: 4 total, 4 available
 Memory: 7926M
 Large Page Support: Disabled
 NUMA Support: Disabled
 Compressed Oops: Enabled (32-bit)
 Heap Region Size: 1M
 Heap Min Capacity: 8M
 Heap Initial Capacity: 124M
 Heap Max Capacity: 1982M
 Pre-touch: Disabled
 Parallel Workers: 4
 Concurrent Workers: 1
 Concurrent Refinement Workers: 4
 Periodic GC: Disabled

Heap:
 garbage-first heap   total 126976K, used 9216K [0x0000000084200000, 0x0000000100000000)
  region size 1024K, 9 young (9216K), 0 survivors (0K)
 Metaspace       used 10701K, capacity 10798K, committed 11008K, reserved 1058816K
  class space    used 926K, capacity 953K, committed 1024K, reserved 1048576K

Heap Regions: E=young(eden), S=young(survivor), O=old, HS=humongous(starts), HC=humongous(continues), CS=collection set, F=free, OA=open archive, CA=closed archive, TAMS=top-at-mark-start (previous, next)
|   0|0x0000000084200000, 0x0000000084300000, 0x0000000084300000|100%|HS|  |TAMS 0x0000000084200000, 0x0000000084200000| Complete 
|   1|0x0000000084300000, 0x0000000084300000, 0x0000000084400000|  0%| F|  |TAMS 0x0000000084300000, 0x0000000084300000| Untracked 
|   2|0x0000000084400000, 0x0000000084400000, 0x0000000084500000|  0%| F|  |TAMS 0x0000000084400000, 0x0000000084400000| Untracked 
|   3|0x0000000084500000, 0x0000000084500000, 0x0000000084600000|  0%| F|  |TAMS 0x0000000084500000, 0x0000000084500000| Untracked 
|   4|0x0000000084600000, 0x0000000084600000, 0x0000000084700000|  0%| F|  |TAMS 0x0000000084600000, 0x0000000084600000| Untracked 
|   5|0x0000000084700000, 0x0000000084700000, 0x0000000084800000|  0%| F|  |TAMS 0x0000000084700000, 0x0000000084700000| Untracked 
|   6|0x0000000084800000, 0x0000000084800000, 0x0000000084900000|  0%| F|  |TAMS 0x0000000084800000, 0x0000000084800000| Untracked 
|   7|0x0000000084900000, 0x0000000084900000, 0x0000000084a00000|  0%| F|  |TAMS 0x0000000084900000, 0x0000000084900000| Untracked 
|   8|0x0000000084a00000, 0x0000000084a00000, 0x0000000084b00000|  0%| F|  |TAMS 0x0000000084a00000, 0x0000000084a00000| Untracked 
|   9|0x0000000084b00000, 0x0000000084b00000, 0x0000000084c00000|  0%| F|  |TAMS 0x0000000084b00000, 0x0000000084b00000| Untracked 
|  10|0x0000000084c00000, 0x0000000084c00000, 0x0000000084d00000|  0%| F|  |TAMS 0x0000000084c00000, 0x0000000084c00000| Untracked 
|  11|0x0000000084d00000, 0x0000000084d00000, 0x0000000084e00000|  0%| F|  |TAMS 0x0000000084d00000, 0x0000000084d00000| Untracked 
|  12|0x0000000084e00000, 0x0000000084e00000, 0x0000000084f00000|  0%| F|  |TAMS 0x0000000084e00000, 0x0000000084e00000| Untracked 
|  13|0x0000000084f00000, 0x0000000084f00000, 0x0000000085000000|  0%| F|  |TAMS 0x0000000084f00000, 0x0000000084f00000| Untracked 
|  14|0x0000000085000000, 0x0000000085000000, 0x0000000085100000|  0%| F|  |TAMS 0x0000000085000000, 0x0000000085000000| Untracked 
|  15|0x0000000085100000, 0x0000000085100000, 0x0000000085200000|  0%| F|  |TAMS 0x0000000085100000, 0x0000000085100000| Untracked 
|  16|0x0000000085200000, 0x0000000085200000, 0x0000000085300000|  0%| F|  |TAMS 0x0000000085200000, 0x0000000085200000| Untracked 
|  17|0x0000000085300000, 0x0000000085300000, 0x0000000085400000|  0%| F|  |TAMS 0x0000000085300000, 0x0000000085300000| Untracked 
|  18|0x0000000085400000, 0x0000000085400000, 0x0000000085500000|  0%| F|  |TAMS 0x0000000085400000, 0x0000000085400000| Untracked 
|  19|0x0000000085500000, 0x0000000085500000, 0x0000000085600000|  0%| F|  |TAMS 0x0000000085500000, 0x0000000085500000| Untracked 
|  20|0x0000000085600000, 0x0000000085600000, 0x0000000085700000|  0%| F|  |TAMS 0x0000000085600000, 0x0000000085600000| Untracked 
|  21|0x0000000085700000, 0x0000000085700000, 0x0000000085800000|  0%| F|  |TAMS 0x0000000085700000, 0x0000000085700000| Untracked 
|  22|0x0000000085800000, 0x0000000085800000, 0x0000000085900000|  0%| F|  |TAMS 0x0000000085800000, 0x0000000085800000| Untracked 
|  23|0x0000000085900000, 0x0000000085900000, 0x0000000085a00000|  0%| F|  |TAMS 0x0000000085900000, 0x0000000085900000| Untracked 
|  24|0x0000000085a00000, 0x0000000085a00000, 0x0000000085b00000|  0%| F|  |TAMS 0x0000000085a00000, 0x0000000085a00000| Untracked 
|  25|0x0000000085b00000, 0x0000000085b00000, 0x0000000085c00000|  0%| F|  |TAMS 0x0000000085b00000, 0x0000000085b00000| Untracked 
|  26|0x0000000085c00000, 0x0000000085c00000, 0x0000000085d00000|  0%| F|  |TAMS 0x0000000085c00000, 0x0000000085c00000| Untracked 
|  27|0x0000000085d00000, 0x0000000085d00000, 0x0000000085e00000|  0%| F|  |TAMS 0x0000000085d00000, 0x0000000085d00000| Untracked 
|  28|0x0000000085e00000, 0x0000000085e00000, 0x0000000085f00000|  0%| F|  |TAMS 0x0000000085e00000, 0x0000000085e00000| Untracked 
|  29|0x0000000085f00000, 0x0000000085f00000, 0x0000000086000000|  0%| F|  |TAMS 0x0000000085f00000, 0x0000000085f00000| Untracked 
|  30|0x0000000086000000, 0x0000000086000000, 0x0000000086100000|  0%| F|  |TAMS 0x0000000086000000, 0x0000000086000000| Untracked 
|  31|0x0000000086100000, 0x0000000086100000, 0x0000000086200000|  0%| F|  |TAMS 0x0000000086100000, 0x0000000086100000| Untracked 
|  32|0x0000000086200000, 0x0000000086200000, 0x0000000086300000|  0%| F|  |TAMS 0x0000000086200000, 0x0000000086200000| Untracked 
|  33|0x0000000086300000, 0x0000000086300000, 0x0000000086400000|  0%| F|  |TAMS 0x0000000086300000, 0x0000000086300000| Untracked 
|  34|0x0000000086400000, 0x0000000086400000, 0x0000000086500000|  0%| F|  |TAMS 0x0000000086400000, 0x0000000086400000| Untracked 
|  35|0x0000000086500000, 0x0000000086500000, 0x0000000086600000|  0%| F|  |TAMS 0x0000000086500000, 0x0000000086500000| Untracked 
|  36|0x0000000086600000, 0x0000000086600000, 0x0000000086700000|  0%| F|  |TAMS 0x0000000086600000, 0x0000000086600000| Untracked 
|  37|0x0000000086700000, 0x0000000086700000, 0x0000000086800000|  0%| F|  |TAMS 0x0000000086700000, 0x0000000086700000| Untracked 
|  38|0x0000000086800000, 0x0000000086800000, 0x0000000086900000|  0%| F|  |TAMS 0x0000000086800000, 0x0000000086800000| Untracked 
|  39|0x0000000086900000, 0x0000000086900000, 0x0000000086a00000|  0%| F|  |TAMS 0x0000000086900000, 0x0000000086900000| Untracked 
|  40|0x0000000086a00000, 0x0000000086a00000, 0x0000000086b00000|  0%| F|  |TAMS 0x0000000086a00000, 0x0000000086a00000| Untracked 
|  41|0x0000000086b00000, 0x0000000086b00000, 0x0000000086c00000|  0%| F|  |TAMS 0x0000000086b00000, 0x0000000086b00000| Untracked 
|  42|0x0000000086c00000, 0x0000000086c00000, 0x0000000086d00000|  0%| F|  |TAMS 0x0000000086c00000, 0x0000000086c00000| Untracked 
|  43|0x0000000086d00000, 0x0000000086d00000, 0x0000000086e00000|  0%| F|  |TAMS 0x0000000086d00000, 0x0000000086d00000| Untracked 
|  44|0x0000000086e00000, 0x0000000086e00000, 0x0000000086f00000|  0%| F|  |TAMS 0x0000000086e00000, 0x0000000086e00000| Untracked 
|  45|0x0000000086f00000, 0x0000000086f00000, 0x0000000087000000|  0%| F|  |TAMS 0x0000000086f00000, 0x0000000086f00000| Untracked 
|  46|0x0000000087000000, 0x0000000087000000, 0x0000000087100000|  0%| F|  |TAMS 0x0000000087000000, 0x0000000087000000| Untracked 
|  47|0x0000000087100000, 0x0000000087100000, 0x0000000087200000|  0%| F|  |TAMS 0x0000000087100000, 0x0000000087100000| Untracked 
|  48|0x0000000087200000, 0x0000000087200000, 0x0000000087300000|  0%| F|  |TAMS 0x0000000087200000, 0x0000000087200000| Untracked 
|  49|0x0000000087300000, 0x0000000087300000, 0x0000000087400000|  0%| F|  |TAMS 0x0000000087300000, 0x0000000087300000| Untracked 
|  50|0x0000000087400000, 0x0000000087400000, 0x0000000087500000|  0%| F|  |TAMS 0x0000000087400000, 0x0000000087400000| Untracked 
|  51|0x0000000087500000, 0x0000000087500000, 0x0000000087600000|  0%| F|  |TAMS 0x0000000087500000, 0x0000000087500000| Untracked 
|  52|0x0000000087600000, 0x0000000087600000, 0x0000000087700000|  0%| F|  |TAMS 0x0000000087600000, 0x0000000087600000| Untracked 
|  53|0x0000000087700000, 0x0000000087700000, 0x0000000087800000|  0%| F|  |TAMS 0x0000000087700000, 0x0000000087700000| Untracked 
|  54|0x0000000087800000, 0x0000000087800000, 0x0000000087900000|  0%| F|  |TAMS 0x0000000087800000, 0x0000000087800000| Untracked 
|  55|0x0000000087900000, 0x0000000087900000, 0x0000000087a00000|  0%| F|  |TAMS 0x0000000087900000, 0x0000000087900000| Untracked 
|  56|0x0000000087a00000, 0x0000000087a00000, 0x0000000087b00000|  0%| F|  |TAMS 0x0000000087a00000, 0x0000000087a00000| Untracked 
|  57|0x0000000087b00000, 0x0000000087b00000, 0x0000000087c00000|  0%| F|  |TAMS 0x0000000087b00000, 0x0000000087b00000| Untracked 
|  58|0x0000000087c00000, 0x0000000087c00000, 0x0000000087d00000|  0%| F|  |TAMS 0x0000000087c00000, 0x0000000087c00000| Untracked 
|  59|0x0000000087d00000, 0x0000000087d00000, 0x0000000087e00000|  0%| F|  |TAMS 0x0000000087d00000, 0x0000000087d00000| Untracked 
|  60|0x0000000087e00000, 0x0000000087e00000, 0x0000000087f00000|  0%| F|  |TAMS 0x0000000087e00000, 0x0000000087e00000| Untracked 
|  61|0x0000000087f00000, 0x0000000087f00000, 0x0000000088000000|  0%| F|  |TAMS 0x0000000087f00000, 0x0000000087f00000| Untracked 
|  62|0x0000000088000000, 0x0000000088000000, 0x0000000088100000|  0%| F|  |TAMS 0x0000000088000000, 0x0000000088000000| Untracked 
|  63|0x0000000088100000, 0x0000000088100000, 0x0000000088200000|  0%| F|  |TAMS 0x0000000088100000, 0x0000000088100000| Untracked 
|  64|0x0000000088200000, 0x0000000088200000, 0x0000000088300000|  0%| F|  |TAMS 0x0000000088200000, 0x0000000088200000| Untracked 
|  65|0x0000000088300000, 0x0000000088300000, 0x0000000088400000|  0%| F|  |TAMS 0x0000000088300000, 0x0000000088300000| Untracked 
|  66|0x0000000088400000, 0x0000000088400000, 0x0000000088500000|  0%| F|  |TAMS 0x0000000088400000, 0x0000000088400000| Untracked 
|  67|0x0000000088500000, 0x0000000088500000, 0x0000000088600000|  0%| F|  |TAMS 0x0000000088500000, 0x0000000088500000| Untracked 
|  68|0x0000000088600000, 0x0000000088600000, 0x0000000088700000|  0%| F|  |TAMS 0x0000000088600000, 0x0000000088600000| Untracked 
|  69|0x0000000088700000, 0x0000000088700000, 0x0000000088800000|  0%| F|  |TAMS 0x0000000088700000, 0x0000000088700000| Untracked 
|  70|0x0000000088800000, 0x0000000088800000, 0x0000000088900000|  0%| F|  |TAMS 0x0000000088800000, 0x0000000088800000| Untracked 
|  71|0x0000000088900000, 0x0000000088900000, 0x0000000088a00000|  0%| F|  |TAMS 0x0000000088900000, 0x0000000088900000| Untracked 
|  72|0x0000000088a00000, 0x0000000088a00000, 0x0000000088b00000|  0%| F|  |TAMS 0x0000000088a00000, 0x0000000088a00000| Untracked 
|  73|0x0000000088b00000, 0x0000000088b00000, 0x0000000088c00000|  0%| F|  |TAMS 0x0000000088b00000, 0x0000000088b00000| Untracked 
|  74|0x0000000088c00000, 0x0000000088c00000, 0x0000000088d00000|  0%| F|  |TAMS 0x0000000088c00000, 0x0000000088c00000| Untracked 
|  75|0x0000000088d00000, 0x0000000088d00000, 0x0000000088e00000|  0%| F|  |TAMS 0x0000000088d00000, 0x0000000088d00000| Untracked 
|  76|0x0000000088e00000, 0x0000000088e00000, 0x0000000088f00000|  0%| F|  |TAMS 0x0000000088e00000, 0x0000000088e00000| Untracked 
|  77|0x0000000088f00000, 0x0000000088f00000, 0x0000000089000000|  0%| F|  |TAMS 0x0000000088f00000, 0x0000000088f00000| Untracked 
|  78|0x0000000089000000, 0x0000000089000000, 0x0000000089100000|  0%| F|  |TAMS 0x0000000089000000, 0x0000000089000000| Untracked 
|  79|0x0000000089100000, 0x0000000089100000, 0x0000000089200000|  0%| F|  |TAMS 0x0000000089100000, 0x0000000089100000| Untracked 
|  80|0x0000000089200000, 0x0000000089200000, 0x0000000089300000|  0%| F|  |TAMS 0x0000000089200000, 0x0000000089200000| Untracked 
|  81|0x0000000089300000, 0x0000000089300000, 0x0000000089400000|  0%| F|  |TAMS 0x0000000089300000, 0x0000000089300000| Untracked 
|  82|0x0000000089400000, 0x0000000089400000, 0x0000000089500000|  0%| F|  |TAMS 0x0000000089400000, 0x0000000089400000| Untracked 
|  83|0x0000000089500000, 0x0000000089500000, 0x0000000089600000|  0%| F|  |TAMS 0x0000000089500000, 0x0000000089500000| Untracked 
|  84|0x0000000089600000, 0x0000000089600000, 0x0000000089700000|  0%| F|  |TAMS 0x0000000089600000, 0x0000000089600000| Untracked 
|  85|0x0000000089700000, 0x0000000089700000, 0x0000000089800000|  0%| F|  |TAMS 0x0000000089700000, 0x0000000089700000| Untracked 
|  86|0x0000000089800000, 0x0000000089800000, 0x0000000089900000|  0%| F|  |TAMS 0x0000000089800000, 0x0000000089800000| Untracked 
|  87|0x0000000089900000, 0x0000000089900000, 0x0000000089a00000|  0%| F|  |TAMS 0x0000000089900000, 0x0000000089900000| Untracked 
|  88|0x0000000089a00000, 0x0000000089a00000, 0x0000000089b00000|  0%| F|  |TAMS 0x0000000089a00000, 0x0000000089a00000| Untracked 
|  89|0x0000000089b00000, 0x0000000089b00000, 0x0000000089c00000|  0%| F|  |TAMS 0x0000000089b00000, 0x0000000089b00000| Untracked 
|  90|0x0000000089c00000, 0x0000000089c00000, 0x0000000089d00000|  0%| F|  |TAMS 0x0000000089c00000, 0x0000000089c00000| Untracked 
|  91|0x0000000089d00000, 0x0000000089d00000, 0x0000000089e00000|  0%| F|  |TAMS 0x0000000089d00000, 0x0000000089d00000| Untracked 
|  92|0x0000000089e00000, 0x0000000089e00000, 0x0000000089f00000|  0%| F|  |TAMS 0x0000000089e00000, 0x0000000089e00000| Untracked 
|  93|0x0000000089f00000, 0x0000000089f00000, 0x000000008a000000|  0%| F|  |TAMS 0x0000000089f00000, 0x0000000089f00000| Untracked 
|  94|0x000000008a000000, 0x000000008a000000, 0x000000008a100000|  0%| F|  |TAMS 0x000000008a000000, 0x000000008a000000| Untracked 
|  95|0x000000008a100000, 0x000000008a100000, 0x000000008a200000|  0%| F|  |TAMS 0x000000008a100000, 0x000000008a100000| Untracked 
|  96|0x000000008a200000, 0x000000008a200000, 0x000000008a300000|  0%| F|  |TAMS 0x000000008a200000, 0x000000008a200000| Untracked 
|  97|0x000000008a300000, 0x000000008a300000, 0x000000008a400000|  0%| F|  |TAMS 0x000000008a300000, 0x000000008a300000| Untracked 
|  98|0x000000008a400000, 0x000000008a400000, 0x000000008a500000|  0%| F|  |TAMS 0x000000008a400000, 0x000000008a400000| Untracked 
|  99|0x000000008a500000, 0x000000008a500000, 0x000000008a600000|  0%| F|  |TAMS 0x000000008a500000, 0x000000008a500000| Untracked 
| 100|0x000000008a600000, 0x000000008a600000, 0x000000008a700000|  0%| F|  |TAMS 0x000000008a600000, 0x000000008a600000| Untracked 
| 101|0x000000008a700000, 0x000000008a700000, 0x000000008a800000|  0%| F|  |TAMS 0x000000008a700000, 0x000000008a700000| Untracked 
| 102|0x000000008a800000, 0x000000008a800000, 0x000000008a900000|  0%| F|  |TAMS 0x000000008a800000, 0x000000008a800000| Untracked 
| 103|0x000000008a900000, 0x000000008a900000, 0x000000008aa00000|  0%| F|  |TAMS 0x000000008a900000, 0x000000008a900000| Untracked 
| 104|0x000000008aa00000, 0x000000008aa00000, 0x000000008ab00000|  0%| F|  |TAMS 0x000000008aa00000, 0x000000008aa00000| Untracked 
| 105|0x000000008ab00000, 0x000000008ab00000, 0x000000008ac00000|  0%| F|  |TAMS 0x000000008ab00000, 0x000000008ab00000| Untracked 
| 106|0x000000008ac00000, 0x000000008ac00000, 0x000000008ad00000|  0%| F|  |TAMS 0x000000008ac00000, 0x000000008ac00000| Untracked 
| 107|0x000000008ad00000, 0x000000008ad00000, 0x000000008ae00000|  0%| F|  |TAMS 0x000000008ad00000, 0x000000008ad00000| Untracked 
| 108|0x000000008ae00000, 0x000000008ae00000, 0x000000008af00000|  0%| F|  |TAMS 0x000000008ae00000, 0x000000008ae00000| Untracked 
| 109|0x000000008af00000, 0x000000008af00000, 0x000000008b000000|  0%| F|  |TAMS 0x000000008af00000, 0x000000008af00000| Untracked 
| 110|0x000000008b000000, 0x000000008b000000, 0x000000008b100000|  0%| F|  |TAMS 0x000000008b000000, 0x000000008b000000| Untracked 
| 111|0x000000008b100000, 0x000000008b100000, 0x000000008b200000|  0%| F|  |TAMS 0x000000008b100000, 0x000000008b100000| Untracked 
| 112|0x000000008b200000, 0x000000008b200000, 0x000000008b300000|  0%| F|  |TAMS 0x000000008b200000, 0x000000008b200000| Untracked 
| 113|0x000000008b300000, 0x000000008b300000, 0x000000008b400000|  0%| F|  |TAMS 0x000000008b300000, 0x000000008b300000| Untracked 
| 114|0x000000008b400000, 0x000000008b400000, 0x000000008b500000|  0%| F|  |TAMS 0x000000008b400000, 0x000000008b400000| Untracked 
| 115|0x000000008b500000, 0x000000008b588df0, 0x000000008b600000| 53%| E|  |TAMS 0x000000008b500000, 0x000000008b500000| Complete 
| 116|0x000000008b600000, 0x000000008b700000, 0x000000008b700000|100%| E|CS|TAMS 0x000000008b600000, 0x000000008b600000| Complete 
| 117|0x000000008b700000, 0x000000008b800000, 0x000000008b800000|100%| E|CS|TAMS 0x000000008b700000, 0x000000008b700000| Complete 
| 118|0x000000008b800000, 0x000000008b900000, 0x000000008b900000|100%| E|CS|TAMS 0x000000008b800000, 0x000000008b800000| Complete 
| 119|0x000000008b900000, 0x000000008ba00000, 0x000000008ba00000|100%| E|CS|TAMS 0x000000008b900000, 0x000000008b900000| Complete 
| 120|0x000000008ba00000, 0x000000008bb00000, 0x000000008bb00000|100%| E|CS|TAMS 0x000000008ba00000, 0x000000008ba00000| Complete 
| 121|0x000000008bb00000, 0x000000008bc00000, 0x000000008bc00000|100%| E|CS|TAMS 0x000000008bb00000, 0x000000008bb00000| Complete 
| 122|0x000000008bc00000, 0x000000008bd00000, 0x000000008bd00000|100%| E|CS|TAMS 0x000000008bc00000, 0x000000008bc00000| Complete 
| 123|0x000000008bd00000, 0x000000008be00000, 0x000000008be00000|100%| E|CS|TAMS 0x000000008bd00000, 0x000000008bd00000| Complete 

Card table byte_map: [0x0000019aa1cd0000,0x0000019aa20b0000] _byte_map_base: 0x0000019aa18af000

Marking Bits (Prev, Next): (CMBitMap*) 0x0000019a8ef12690, (CMBitMap*) 0x0000019a8ef126d0
 Prev Bits: [0x0000019aa2490000, 0x0000019aa4388000)
 Next Bits: [0x0000019aa4390000, 0x0000019aa6288000)

Polling page: 0x0000019a8cef0000

Metaspace:

Usage:
  Non-class:      9.61 MB capacity,     9.55 MB (>99%) used,    63.25 KB ( <1%) free+waste,     6.88 KB ( <1%) overhead. 
      Class:    953.00 KB capacity,   926.14 KB ( 97%) used,    24.80 KB (  3%) free+waste,     2.06 KB ( <1%) overhead. 
       Both:     10.54 MB capacity,    10.45 MB (>99%) used,    88.05 KB ( <1%) free+waste,     8.94 KB ( <1%) overhead. 

Virtual space:
  Non-class space:       10.00 MB reserved,       9.75 MB ( 98%) committed 
      Class space:        1.00 GB reserved,       1.00 MB ( <1%) committed 
             Both:        1.01 GB reserved,      10.75 MB (  1%) committed 

Chunk freelists:
   Non-Class:  11.00 KB
       Class:  7.00 KB
        Both:  18.00 KB

MaxMetaspaceSize: 17179869184.00 GB
CompressedClassSpaceSize: 1.00 GB

CodeHeap 'non-profiled nmethods': size=120000Kb used=202Kb max_used=202Kb free=119798Kb
 bounds [0x0000019a9a3c0000, 0x0000019a9a630000, 0x0000019aa18f0000]
CodeHeap 'profiled nmethods': size=120000Kb used=755Kb max_used=755Kb free=119244Kb
 bounds [0x0000019a92e90000, 0x0000019a93100000, 0x0000019a9a3c0000]
CodeHeap 'non-nmethods': size=5760Kb used=1243Kb max_used=1267Kb free=4516Kb
 bounds [0x0000019a928f0000, 0x0000019a92b60000, 0x0000019a92e90000]
 total_blobs=968 nmethods=570 adapters=311
 compilation: enabled
              stopped_count=0, restarted_count=0
 full_count=0

Compilation events (20 events):
Event: 0.423 Thread 0x0000019aa8ff0b40 nmethod 560 0x0000019a92f49410 code [0x0000019a92f495a0, 0x0000019a92f49718]
Event: 0.423 Thread 0x0000019aa9884b60  561       4       java.util.HashMap::put (13 bytes)
Event: 0.428 Thread 0x0000019aa8feddd0 nmethod 512 0x0000019a9a3ecb10 code [0x0000019a9a3eccc0, 0x0000019a9a3edef8]
Event: 0.429 Thread 0x0000019aa8ff0b40  562       3       java.lang.StringUTF16::getChar (60 bytes)
Event: 0.429 Thread 0x0000019aa8ff0b40 nmethod 562 0x0000019a92f49790 code [0x0000019a92f49920, 0x0000019a92f49a78]
Event: 0.430 Thread 0x0000019aa8feddd0  563       4       java.lang.StringUTF16::getChar (60 bytes)
Event: 0.430 Thread 0x0000019aa8feddd0 nmethod 563 0x0000019a9a3ee190 code [0x0000019a9a3ee300, 0x0000019a9a3ee3d8]
Event: 0.431 Thread 0x0000019aa8ff0b40  564   !   3       java.util.zip.Inflater::inflate (418 bytes)
Event: 0.431 Thread 0x0000019aa8feddd0  568       4       org.eclipse.jdt.launching.internal.org.objectweb.asm.ClassReader::readUtf (161 bytes)
Event: 0.432 Thread 0x0000019aa8ff0b40 nmethod 564 0x0000019a92f49b90 code [0x0000019a92f49e60, 0x0000019a92f4afc8]
Event: 0.432 Thread 0x0000019aa8ff0b40  566       3       org.eclipse.jdt.launching.internal.org.objectweb.asm.SymbolTable$Entry::<init> (20 bytes)
Event: 0.432 Thread 0x0000019aa8ff0b40 nmethod 566 0x0000019a92f4ba90 code [0x0000019a92f4bc40, 0x0000019a92f4bdc8]
Event: 0.432 Thread 0x0000019aa8ff0b40  569       1       org.eclipse.jdt.launching.internal.org.objectweb.asm.MethodWriter::hasAsmInstructions (5 bytes)
Event: 0.433 Thread 0x0000019aa8ff0b40 nmethod 569 0x0000019a9a3ee910 code [0x0000019a9a3eeaa0, 0x0000019a9a3eeb58]
Event: 0.433 Thread 0x0000019aa8ff0b40  567       3       org.eclipse.jdt.launching.internal.org.objectweb.asm.SymbolTable::addConstantMemberReference (29 bytes)
Event: 0.433 Thread 0x0000019aa8ff0b40 nmethod 567 0x0000019a92f4be90 code [0x0000019a92f4c080, 0x0000019a92f4c428]
Event: 0.444 Thread 0x0000019aa8feddd0 nmethod 568 0x0000019a9a3eec10 code [0x0000019a9a3eede0, 0x0000019a9a3efc38]
Event: 0.444 Thread 0x0000019aa9884b60 nmethod 561 0x0000019a9a3f0210 code [0x0000019a9a3f0420, 0x0000019a9a3f1f70]
Event: 238.660 Thread 0x0000019aa8ff0b40  570       3       org.eclipse.jdt.launching.internal.org.objectweb.asm.SymbolTable::addConstantNameAndType (28 bytes)
Event: 238.661 Thread 0x0000019aa8ff0b40 nmethod 570 0x0000019a92f4c710 code [0x0000019a92f4c8e0, 0x0000019a92f4cbf8]

GC Heap History (0 events):
No events

Deoptimization events (20 events):
Event: 0.402 Thread 0x0000019a8eed3eb0 DEOPT PACKING pc=0x0000019a92eee596 sp=0x0000008f738fbe90
Event: 0.402 Thread 0x0000019a8eed3eb0 DEOPT UNPACKING pc=0x0000019a9293f6cf sp=0x0000008f738fb328 mode 0
Event: 0.403 Thread 0x0000019a8eed3eb0 DEOPT PACKING pc=0x0000019a92f1222c sp=0x0000008f738fb960
Event: 0.403 Thread 0x0000019a8eed3eb0 DEOPT UNPACKING pc=0x0000019a9293f6cf sp=0x0000008f738fae28 mode 0
Event: 0.403 Thread 0x0000019a8eed3eb0 DEOPT PACKING pc=0x0000019a92f1222c sp=0x0000008f738fb960
Event: 0.403 Thread 0x0000019a8eed3eb0 DEOPT UNPACKING pc=0x0000019a9293f6cf sp=0x0000008f738fae28 mode 0
Event: 0.403 Thread 0x0000019a8eed3eb0 DEOPT PACKING pc=0x0000019a92f12461 sp=0x0000008f738fb960
Event: 0.403 Thread 0x0000019a8eed3eb0 DEOPT UNPACKING pc=0x0000019a9293f6cf sp=0x0000008f738fae28 mode 0
Event: 0.422 Thread 0x0000019a8eed3eb0 Uncommon trap: trap_request=0xffffff45 fr.pc=0x0000019a9a3c97ec relative=0x000000000000024c
Event: 0.422 Thread 0x0000019a8eed3eb0 Uncommon trap: reason=unstable_if action=reinterpret pc=0x0000019a9a3c97ec method=java.lang.String.isLatin1()Z @ 10 c2
Event: 0.422 Thread 0x0000019a8eed3eb0 DEOPT PACKING pc=0x0000019a9a3c97ec sp=0x0000008f738fcd40
Event: 0.422 Thread 0x0000019a8eed3eb0 DEOPT UNPACKING pc=0x0000019a928f852f sp=0x0000008f738fcc80 mode 2
Event: 0.422 Thread 0x0000019a8eed3eb0 Uncommon trap: trap_request=0xffffff45 fr.pc=0x0000019a9a3de4dc relative=0x000000000000005c
Event: 0.422 Thread 0x0000019a8eed3eb0 Uncommon trap: reason=unstable_if action=reinterpret pc=0x0000019a9a3de4dc method=java.lang.String.isLatin1()Z @ 10 c2
Event: 0.422 Thread 0x0000019a8eed3eb0 DEOPT PACKING pc=0x0000019a9a3de4dc sp=0x0000008f738fccd0
Event: 0.422 Thread 0x0000019a8eed3eb0 DEOPT UNPACKING pc=0x0000019a928f852f sp=0x0000008f738fcc70 mode 2
Event: 0.429 Thread 0x0000019a8eed3eb0 Uncommon trap: trap_request=0xffffff45 fr.pc=0x0000019a9a3d63c4 relative=0x0000000000000044
Event: 0.429 Thread 0x0000019a8eed3eb0 Uncommon trap: reason=unstable_if action=reinterpret pc=0x0000019a9a3d63c4 method=java.lang.CharacterData.of(I)Ljava/lang/CharacterData; @ 4 c2
Event: 0.429 Thread 0x0000019a8eed3eb0 DEOPT PACKING pc=0x0000019a9a3d63c4 sp=0x0000008f738fed90
Event: 0.429 Thread 0x0000019a8eed3eb0 DEOPT UNPACKING pc=0x0000019a928f852f sp=0x0000008f738fed30 mode 2

Classes unloaded (0 events):
No events

Classes redefined (3 events):
Event: 238.663 Thread 0x0000019aa87975e0 redefined class name=excel.util.ExcelDataToJavaList, count=1
Event: 762.524 Thread 0x0000019aa87975e0 redefined class name=excel.util.ExcelDataToJavaList, count=2
Event: 1448.157 Thread 0x0000019aa87975e0 redefined class name=excel.util.ExcelDataToJavaList, count=3

Internal exceptions (3 events):
Event: 0.271 Thread 0x0000019a8eed3eb0 Exception <a 'java/lang/NoSuchMethodError'{0x000000008ba91910}: 'void java.lang.invoke.DirectMethodHandle$Holder.invokeStatic(java.lang.Object, java.lang.Object)'> (0x000000008ba91910) 
thrown [./open/src/hotspot/share/interpreter/linkResolver.cpp, line 782]
Event: 0.271 Thread 0x0000019a8eed3eb0 Exception <a 'java/lang/NoSuchMethodError'{0x000000008ba955b8}: 'void java.lang.invoke.DirectMethodHandle$Holder.invokeStaticInit(java.lang.Object, java.lang.Object)'> (0x000000008ba955b8) 
thrown [./open/src/hotspot/share/interpreter/linkResolver.cpp, line 782]
Event: 0.347 Thread 0x0000019a8eed3eb0 Exception <a 'java/lang/NoSuchMethodError'{0x000000008b877558}: 'java.lang.Object java.lang.invoke.DirectMethodHandle$Holder.invokeStatic(java.lang.Object)'> (0x000000008b877558) 
thrown [./open/src/hotspot/share/interpreter/linkResolver.cpp, line 782]

Events (20 events):
Event: 1448.167 Executing VM operation: ChangeBreakpoints
Event: 1448.167 Executing VM operation: ChangeBreakpoints done
Event: 1448.169 Executing VM operation: GetFrameCount
Event: 1448.169 Executing VM operation: GetFrameCount done
Event: 1448.169 Executing VM operation: GetStackTrace
Event: 1448.169 Executing VM operation: GetStackTrace done
Event: 1478.242 Executing VM operation: GetFrameCount
Event: 1478.242 Executing VM operation: GetFrameCount done
Event: 1478.289 Executing VM operation: GetFrameLocation
Event: 1478.289 Executing VM operation: GetFrameLocation done
Event: 1478.289 Executing VM operation: get/set locals
Event: 1478.289 Executing VM operation: get/set locals done
Event: 1478.289 Executing VM operation: GetFrameLocation
Event: 1478.289 Executing VM operation: GetFrameLocation done
Event: 1478.289 Executing VM operation: get/set locals
Event: 1478.289 Executing VM operation: get/set locals done
Event: 1478.290 Executing VM operation: GetFrameLocation
Event: 1478.290 Executing VM operation: GetFrameLocation done
Event: 1478.290 Executing VM operation: get/set locals
Event: 1478.290 Executing VM operation: get/set locals done


Dynamic libraries:
0x00007ff6a8cb0000 - 0x00007ff6a8cbd000 	D:\ims_ecs\eclipse\plugins\org.eclipse.justj.openjdk.hotspot.jre.full.win32.x86_64_15.0.1.v20201027-0507\jre\bin\javaw.exe
0x00007ffaa4bc0000 - 0x00007ffaa4dc9000 	C:\WINDOWS\SYSTEM32\ntdll.dll
0x00007ffaa2a50000 - 0x00007ffaa2b0d000 	C:\WINDOWS\System32\KERNEL32.DLL
0x00007ffaa20a0000 - 0x00007ffaa2419000 	C:\WINDOWS\System32\KERNELBASE.dll
0x00007ffaa2420000 - 0x00007ffaa2531000 	C:\WINDOWS\System32\ucrtbase.dll
0x00007ffa98980000 - 0x00007ffa98999000 	D:\ims_ecs\eclipse\plugins\org.eclipse.justj.openjdk.hotspot.jre.full.win32.x86_64_15.0.1.v20201027-0507\jre\bin\VCRUNTIME140.dll
0x00007ffa94070000 - 0x00007ffa94088000 	D:\ims_ecs\eclipse\plugins\org.eclipse.justj.openjdk.hotspot.jre.full.win32.x86_64_15.0.1.v20201027-0507\jre\bin\jli.dll
0x00007ffaa34a0000 - 0x00007ffaa364c000 	C:\WINDOWS\System32\USER32.dll
0x00007ffaa2980000 - 0x00007ffaa29a6000 	C:\WINDOWS\System32\win32u.dll
0x00007ffa7e140000 - 0x00007ffa7e3e5000 	C:\WINDOWS\WinSxS\amd64_microsoft.windows.common-controls_6595b64144ccf1df_6.0.22000.120_none_9d947278b86cc467\COMCTL32.dll
0x00007ffaa4a60000 - 0x00007ffaa4a89000 	C:\WINDOWS\System32\GDI32.dll
0x00007ffaa4920000 - 0x00007ffaa49c3000 	C:\WINDOWS\System32\msvcrt.dll
0x00007ffaa2860000 - 0x00007ffaa2972000 	C:\WINDOWS\System32\gdi32full.dll
0x00007ffaa29b0000 - 0x00007ffaa2a4d000 	C:\WINDOWS\System32\msvcp_win.dll
0x00007ffaa3140000 - 0x00007ffaa3171000 	C:\WINDOWS\System32\IMM32.DLL
0x00007ffa9b220000 - 0x00007ffa9b22c000 	D:\ims_ecs\eclipse\plugins\org.eclipse.justj.openjdk.hotspot.jre.full.win32.x86_64_15.0.1.v20201027-0507\jre\bin\vcruntime140_1.dll
0x00007ffa92a00000 - 0x00007ffa92a91000 	D:\ims_ecs\eclipse\plugins\org.eclipse.justj.openjdk.hotspot.jre.full.win32.x86_64_15.0.1.v20201027-0507\jre\bin\msvcp140.dll
0x00007ffa5b190000 - 0x00007ffa5bcee000 	D:\ims_ecs\eclipse\plugins\org.eclipse.justj.openjdk.hotspot.jre.full.win32.x86_64_15.0.1.v20201027-0507\jre\bin\server\jvm.dll
0x00007ffaa32b0000 - 0x00007ffaa335e000 	C:\WINDOWS\System32\ADVAPI32.dll
0x00007ffaa2ca0000 - 0x00007ffaa2d3e000 	C:\WINDOWS\System32\sechost.dll
0x00007ffaa42e0000 - 0x00007ffaa4400000 	C:\WINDOWS\System32\RPCRT4.dll
0x00007ffaa32a0000 - 0x00007ffaa32a8000 	C:\WINDOWS\System32\PSAPI.DLL
0x00007ffa7a670000 - 0x00007ffa7a679000 	C:\WINDOWS\SYSTEM32\WSOCK32.dll
0x00007ffa9d860000 - 0x00007ffa9d893000 	C:\WINDOWS\SYSTEM32\WINMM.dll
0x00007ffaa2b10000 - 0x00007ffaa2b7f000 	C:\WINDOWS\System32\WS2_32.dll
0x00007ffa9b600000 - 0x00007ffa9b60a000 	C:\WINDOWS\SYSTEM32\VERSION.dll
0x00007ffaa1290000 - 0x00007ffaa12a8000 	C:\WINDOWS\SYSTEM32\kernel.appcore.dll
0x00007ffa98eb0000 - 0x00007ffa98eba000 	D:\ims_ecs\eclipse\plugins\org.eclipse.justj.openjdk.hotspot.jre.full.win32.x86_64_15.0.1.v20201027-0507\jre\bin\jimage.dll
0x00007ffa9fb50000 - 0x00007ffa9fd71000 	C:\WINDOWS\SYSTEM32\DBGHELP.DLL
0x00007ffa9b080000 - 0x00007ffa9b0b1000 	C:\WINDOWS\SYSTEM32\dbgcore.DLL
0x00007ffaa2540000 - 0x00007ffaa25bf000 	C:\WINDOWS\System32\bcryptPrimitives.dll
0x00007ffa92e30000 - 0x00007ffa92e69000 	D:\ims_ecs\eclipse\plugins\org.eclipse.justj.openjdk.hotspot.jre.full.win32.x86_64_15.0.1.v20201027-0507\jre\bin\jdwp.dll
0x00007ffa93bf0000 - 0x00007ffa93bfe000 	D:\ims_ecs\eclipse\plugins\org.eclipse.justj.openjdk.hotspot.jre.full.win32.x86_64_15.0.1.v20201027-0507\jre\bin\instrument.dll
0x00007ffa98950000 - 0x00007ffa98975000 	D:\ims_ecs\eclipse\plugins\org.eclipse.justj.openjdk.hotspot.jre.full.win32.x86_64_15.0.1.v20201027-0507\jre\bin\java.dll
0x00007ffa98930000 - 0x00007ffa98948000 	D:\ims_ecs\eclipse\plugins\org.eclipse.justj.openjdk.hotspot.jre.full.win32.x86_64_15.0.1.v20201027-0507\jre\bin\zip.dll
0x00007ffaa3b20000 - 0x00007ffaa42d8000 	C:\WINDOWS\System32\SHELL32.dll
0x00007ffaa0210000 - 0x00007ffaa0a78000 	C:\WINDOWS\SYSTEM32\windows.storage.dll
0x00007ffaa45a0000 - 0x00007ffaa4919000 	C:\WINDOWS\System32\combase.dll
0x00007ffaa00a0000 - 0x00007ffaa0206000 	C:\WINDOWS\SYSTEM32\wintypes.dll
0x00007ffaa2f00000 - 0x00007ffaa2fea000 	C:\WINDOWS\System32\SHCORE.dll
0x00007ffaa3ac0000 - 0x00007ffaa3b1d000 	C:\WINDOWS\System32\shlwapi.dll
0x00007ffaa1fd0000 - 0x00007ffaa1ff1000 	C:\WINDOWS\SYSTEM32\profapi.dll
0x00007ffa93790000 - 0x00007ffa9379b000 	D:\ims_ecs\eclipse\plugins\org.eclipse.justj.openjdk.hotspot.jre.full.win32.x86_64_15.0.1.v20201027-0507\jre\bin\dt_socket.dll
0x00007ffaa0cc0000 - 0x00007ffaa0ced000 	C:\WINDOWS\SYSTEM32\IPHLPAPI.DLL
0x00007ffaa16c0000 - 0x00007ffaa1727000 	C:\WINDOWS\system32\mswsock.dll
0x00007ffaa0cf0000 - 0x00007ffaa0dd8000 	C:\WINDOWS\SYSTEM32\DNSAPI.dll
0x00007ffaa3490000 - 0x00007ffaa3499000 	C:\WINDOWS\System32\NSI.dll
0x00007ffa9c430000 - 0x00007ffa9c43a000 	C:\Windows\System32\rasadhlp.dll
0x00007ffa9c330000 - 0x00007ffa9c3b1000 	C:\WINDOWS\System32\fwpuclnt.dll
0x00007ffa96cb0000 - 0x00007ffa96cc9000 	D:\ims_ecs\eclipse\plugins\org.eclipse.justj.openjdk.hotspot.jre.full.win32.x86_64_15.0.1.v20201027-0507\jre\bin\net.dll
0x00007ffa9de70000 - 0x00007ffa9df7c000 	C:\WINDOWS\SYSTEM32\WINHTTP.dll
0x00007ffa96890000 - 0x00007ffa968a2000 	D:\ims_ecs\eclipse\plugins\org.eclipse.justj.openjdk.hotspot.jre.full.win32.x86_64_15.0.1.v20201027-0507\jre\bin\nio.dll
0x00007ffa986f0000 - 0x00007ffa98700000 	D:\ims_ecs\eclipse\plugins\org.eclipse.justj.openjdk.hotspot.jre.full.win32.x86_64_15.0.1.v20201027-0507\jre\bin\verify.dll

dbghelp: loaded successfully - version: 4.0.5 - missing functions: none
symbol engine: initialized successfully - sym options: 0x614 - pdb path: .;D:\ims_ecs\eclipse\plugins\org.eclipse.justj.openjdk.hotspot.jre.full.win32.x86_64_15.0.1.v20201027-0507\jre\bin;C:\WINDOWS\SYSTEM32;C:\WINDOWS\WinSxS\amd64_microsoft.windows.common-controls_6595b64144ccf1df_6.0.22000.120_none_9d947278b86cc467;D:\ims_ecs\eclipse\plugins\org.eclipse.justj.openjdk.hotspot.jre.full.win32.x86_64_15.0.1.v20201027-0507\jre\bin\server

VM Arguments:
jvm_args: -XX:+ShowCodeDetailsInExceptionMessages -agentlib:jdwp=transport=dt_socket,suspend=y,address=localhost:53610 -javaagent:D:\ims_ecs\eclipse\configuration\org.eclipse.osgi\405\0\.cp\lib\javaagent-shaded.jar -Dfile.encoding=Cp1252 
java_command: excel.util.ExcelDataToJavaList
java_class_path (initial): D:\StudentRecords\target\classes;C:\Users\ecs\.m2\repository\org\apache\poi\poi-ooxml\3.9\poi-ooxml-3.9.jar;C:\Users\ecs\.m2\repository\org\apache\poi\poi\3.9\poi-3.9.jar;C:\Users\ecs\.m2\repository\commons-codec\commons-codec\1.5\commons-codec-1.5.jar;C:\Users\ecs\.m2\repository\org\apache\poi\poi-ooxml-schemas\3.9\poi-ooxml-schemas-3.9.jar;C:\Users\ecs\.m2\repository\dom4j\dom4j\1.6.1\dom4j-1.6.1.jar;C:\Users\ecs\.m2\repository\xml-apis\xml-apis\1.0.b2\xml-apis-1.0.b2.jar;C:\Users\ecs\.m2\repository\com\fasterxml\jackson\core\jackson-databind\2.13.2\jackson-databind-2.13.2.jar;C:\Users\ecs\.m2\repository\com\fasterxml\jackson\core\jackson-annotations\2.13.2\jackson-annotations-2.13.2.jar;C:\Users\ecs\.m2\repository\com\fasterxml\jackson\core\jackson-core\2.13.2\jackson-core-2.13.2.jar;C:\Users\ecs\.m2\repository\com\github\ozlerhakan\poiji\3.1.7\poiji-3.1.7.jar;C:\Users\ecs\.m2\repository\org\apache\xmlbeans\xmlbeans\2.3.0\xmlbeans-2.3.0.jar;C:\Users\ecs\.m2\repository\stax\stax-api\1.0.1\stax-api-1.0.1.jar
Launcher Type: SUN_STANDARD

[Global flags]
     intx CICompilerCount                          = 3                                         {product} {ergonomic}
     uint ConcGCThreads                            = 1                                         {product} {ergonomic}
     uint G1ConcRefinementThreads                  = 4                                         {product} {ergonomic}
   size_t G1HeapRegionSize                         = 1048576                                   {product} {ergonomic}
    uintx GCDrainStackTargetSize                   = 64                                        {product} {ergonomic}
   size_t InitialHeapSize                          = 130023424                                 {product} {ergonomic}
   size_t MarkStackSize                            = 4194304                                   {product} {ergonomic}
   size_t MaxHeapSize                              = 2078277632                                {product} {ergonomic}
   size_t MaxNewSize                               = 1246756864                                {product} {ergonomic}
   size_t MinHeapDeltaBytes                        = 1048576                                   {product} {ergonomic}
   size_t MinHeapSize                              = 8388608                                   {product} {ergonomic}
    uintx NonNMethodCodeHeapSize                   = 5832780                                {pd product} {ergonomic}
    uintx NonProfiledCodeHeapSize                  = 122912730                              {pd product} {ergonomic}
    uintx ProfiledCodeHeapSize                     = 122912730                              {pd product} {ergonomic}
    uintx ReservedCodeCacheSize                    = 251658240                              {pd product} {ergonomic}
     bool SegmentedCodeCache                       = true                                      {product} {ergonomic}
     bool ShowCodeDetailsInExceptionMessages       = true                                   {manageable} {command line}
   size_t SoftMaxHeapSize                          = 2078277632                             {manageable} {ergonomic}
     bool UseCompressedClassPointers               = true                                 {lp64_product} {ergonomic}
     bool UseCompressedOops                        = true                                 {lp64_product} {ergonomic}
     bool UseG1GC                                  = true                                      {product} {ergonomic}
     bool UseLargePagesIndividualAllocation        = false                                  {pd product} {ergonomic}

Logging:
Log output configuration:
 #0: stdout all=warning uptime,level,tags
 #1: stderr all=off uptime,level,tags

Environment Variables:
PATH=D:\ims_ecs\eclipse\plugins\org.eclipse.justj.openjdk.hotspot.jre.full.win32.x86_64_15.0.1.v20201027-0507\jre\bin;D:/ims_ecs/eclipse//plugins/org.eclipse.justj.openjdk.hotspot.jre.full.win32.x86_64_15.0.1.v20201027-0507/jre/bin/server;D:/ims_ecs/eclipse//plugins/org.eclipse.justj.openjdk.hotspot.jre.full.win32.x86_64_15.0.1.v20201027-0507/jre/bin;C:\Program Files (x86)\Common Files\Oracle\Java\javapath;C:\WINDOWS\system32;C:\WINDOWS;C:\WINDOWS\System32\Wbem;C:\WINDOWS\System32\WindowsPowerShell\v1.0\;C:\WINDOWS\System32\OpenSSH\;D:\ims_ecs\java\jdk1.6.0_45\bin;D:\ims_ecs\java\jdk1.7.0_80\bin;D:\ims_ecs\java\jdk1.8.0_191\bin;D:\ims_ecs\java\jre6\bin;D:\ims_ecs\java\jre7\bin;D:\ims_ecs\java\jre8\bin;C:\Users\ecs\AppData\Local\Microsoft\WindowsApps;C:\Users\ecs\AppData\Local\Programs\Git\cmd;D:\ims_ecs\eclipse;
USERNAME=ecs
OS=Windows_NT
PROCESSOR_IDENTIFIER=Intel64 Family 6 Model 140 Stepping 1, GenuineIntel



---------------  S Y S T E M  ---------------

OS:
 Windows 10 , 64 bit Build 22000 (10.0.22000.708)
OS uptime: 3 days 15:08 hours

CPU: total 4 (initial active 4) (2 cores per cpu, 2 threads per core) family 6 model 140 stepping 1 microcode 0xa4, cmov, cx8, fxsr, mmx, sse, sse2, sse3, ssse3, sse4.1, sse4.2, popcnt, vzeroupper, avx, avx2, aes, clmul, erms, 3dnowpref, lzcnt, ht, tsc, tscinvbit, bmi1, bmi2, adx, avx512f, avx512dq, avx512cd, avx512bw, avx512vl, avx512_vpopcntdq, avx512_vpclmulqdq, avx512_vbmi, avx512_vbmi2, avx512_vaes, avx512_vnni, sha, fma, clflush, clflushopt, clwb

Memory: 4k page, system-wide physical 7926M (1050M free)
TotalPageFile size 13768M (AvailPageFile size 2163M)
current process WorkingSet (physical memory assigned to process): 52M, peak: 56M
current process commit charge ("private bytes"): 200M, peak: 205M

vm_info: OpenJDK 64-Bit Server VM (15.0.1+9-18) for windows-amd64 JRE (15.0.1+9-18), built on Sep 15 2020 14:39:31 by "mach5one" with unknown MS VC++:1925

END.
